Using pre-set license
Built from '2020.2/release' branch; Version is '2020.2.1f1 (270dd8c3da1c) revision 2559448'; Using compiler version '192528614'; Build Type 'Release'
OS: 'Windows 10  (10.0.0) 64bit' Language: 'ru' Physical Memory: 15790 MB
BatchMode: 1, IsHumanControllingUs: 0, StartBugReporterOnCrash: 0, Is64bit: 1, IsPro: 0

 COMMAND LINE ARGUMENTS:
C:\Program Files\Unity\Hub\Editor\2020.2.1f1\Editor\Unity.exe
-adb2
-batchMode
-noUpm
-name
AssetImportWorker0
-projectPath
C:/Users/zvnlxn/IT/rhythm
-logFile
Logs/AssetImportWorker0.log
-srvPort
63119
Successfully changed project path to: C:/Users/zvnlxn/IT/rhythm
C:/Users/zvnlxn/IT/rhythm
Using Asset Import Pipeline V2.
Refreshing native plugins compatible for Editor in 38.98 ms, found 1 plugins.
Preloading 0 native plugins for Editor in 0.00 ms.
Initialize engine version: 2020.2.1f1 (270dd8c3da1c)
[Subsystems] Discovering subsystems at path C:/Program Files/Unity/Hub/Editor/2020.2.1f1/Editor/Data/Resources/UnitySubsystems
[Subsystems] Discovering subsystems at path C:/Users/zvnlxn/IT/rhythm/Assets
GfxDevice: creating device client; threaded=0
Direct3D:
    Version:  Direct3D 11.0 [level 11.1]
    Renderer: AMD Radeon(TM) Graphics (ID=0x1636)
    Vendor:   
    VRAM:     7895 MB
    Driver:   31.0.12044.37003
Initialize mono
Mono path[0] = 'C:/Program Files/Unity/Hub/Editor/2020.2.1f1/Editor/Data/Managed'
Mono path[1] = 'C:/Program Files/Unity/Hub/Editor/2020.2.1f1/Editor/Data/MonoBleedingEdge/lib/mono/unityjit'
Mono config path = 'C:/Program Files/Unity/Hub/Editor/2020.2.1f1/Editor/Data/MonoBleedingEdge/etc'
Using monoOptions --debugger-agent=transport=dt_socket,embedding=1,server=y,suspend=n,address=127.0.0.1:56352
Begin MonoManager ReloadAssembly
Registering precompiled unity dll's ...
Register platform support module: C:/Program Files/Unity/Hub/Editor/2020.2.1f1/Editor/Data/PlaybackEngines/WindowsStandaloneSupport/UnityEditor.WindowsStandalone.Extensions.dll
Registered in 0.001139 seconds.
Native extension for WindowsStandalone target not found
Refreshing native plugins compatible for Editor in 33.58 ms, found 1 plugins.
Preloading 0 native plugins for Editor in 0.00 ms.
Invoked RoslynAnalysisRunner static constructor.
RoslynAnalysisRunner will not be running.
RoslynAnalysisRunner has terminated.
Mono: successfully reloaded assembly
- Completed reload, in  0.871 seconds
Platform modules already initialized, skipping
Registering precompiled user dll's ...
Registered in 0.000825 seconds.
Begin MonoManager ReloadAssembly
Native extension for WindowsStandalone target not found
Refreshing native plugins compatible for Editor in 36.07 ms, found 1 plugins.
Preloading 0 native plugins for Editor in 0.00 ms.
Invoked RoslynAnalysisRunner static constructor.
RoslynAnalysisRunner will not be running.
RoslynAnalysisRunner has terminated.
Mono: successfully reloaded assembly
- Completed reload, in  0.817 seconds
Platform modules already initialized, skipping
========================================================================
Worker process is ready to serve import requests
Launched and connected shader compiler UnityShaderCompiler.exe after 0.04 seconds
Refreshing native plugins compatible for Editor in 0.38 ms, found 1 plugins.
Preloading 0 native plugins for Editor in 0.00 ms.
Unloading 1837 Unused Serialized files (Serialized files now loaded: 0)
System memory in use before: 86.5 MB.
System memory in use after: 86.5 MB.

Unloading 24 unused Assets to reduce memory usage. Loaded Objects now: 2277.
Total: 3.249900 ms (FindLiveObjects: 0.648200 ms CreateObjectMapping: 0.117300 ms MarkObjects: 2.329100 ms  DeleteObjects: 0.153400 ms)

========================================================================
Received Import Request.
  path: Assets/Scripts
  artifactKey: Guid(2a8d2d9cc97d44144b74551812f832f6) Importer(815301076,1909f56bfc062723c751e8b465ee728b)
Start importing Assets/Scripts using Guid(2a8d2d9cc97d44144b74551812f832f6) Importer(815301076,1909f56bfc062723c751e8b465ee728b)  -> (artifact id: '81101af3c46b6fdffb6ec6fc012fe937') in 0.010841 seconds
  Import took 0.013745 seconds .

========================================================================
Received Import Request.
  Time since last request: 0.000239 seconds.
  path: Assets/Scenes
  artifactKey: Guid(a51a7f2e147ae574d8180eb2812d9d85) Importer(815301076,1909f56bfc062723c751e8b465ee728b)
Start importing Assets/Scenes using Guid(a51a7f2e147ae574d8180eb2812d9d85) Importer(815301076,1909f56bfc062723c751e8b465ee728b)  -> (artifact id: '7420c87555a841a8d871e39d65689c9d') in 0.008169 seconds
  Import took 0.010629 seconds .

========================================================================
Received Import Request.
  Time since last request: 0.000286 seconds.
  path: Assets/Scenes/Metronom.unity
  artifactKey: Guid(545c8d3381395fd46b66454f31f95e0e) Importer(815301076,1909f56bfc062723c751e8b465ee728b)
Start importing Assets/Scenes/Metronom.unity using Guid(545c8d3381395fd46b66454f31f95e0e) Importer(815301076,1909f56bfc062723c751e8b465ee728b)  -> (artifact id: 'ed01ed46cbf30a811071d1f5214cf4ec') in 0.015971 seconds
  Import took 0.019123 seconds .

========================================================================
Received Import Request.
  Time since last request: 0.010376 seconds.
  path: Assets/Scenes/Metronom.unity
  artifactKey: Guid(545c8d3381395fd46b66454f31f95e0e) Importer(815301076,1909f56bfc062723c751e8b465ee728b)
Start importing Assets/Scenes/Metronom.unity using Guid(545c8d3381395fd46b66454f31f95e0e) Importer(815301076,1909f56bfc062723c751e8b465ee728b)  -> (artifact id: 'ed01ed46cbf30a811071d1f5214cf4ec') in 0.003082 seconds
  Import took 0.006495 seconds .

========================================================================
Received Prepare
Registering precompiled user dll's ...
Registered in 0.000819 seconds.
Begin MonoManager ReloadAssembly
Native extension for WindowsStandalone target not found
Refreshing native plugins compatible for Editor in 0.37 ms, found 1 plugins.
Preloading 0 native plugins for Editor in 0.00 ms.
Invoked RoslynAnalysisRunner static constructor.
RoslynAnalysisRunner will not be running.
RoslynAnalysisRunner has terminated.
Mono: successfully reloaded assembly
- Completed reload, in  0.686 seconds
Platform modules already initialized, skipping
Refreshing native plugins compatible for Editor in 0.38 ms, found 1 plugins.
Preloading 0 native plugins for Editor in 0.00 ms.
Unloading 1820 Unused Serialized files (Serialized files now loaded: 0)
System memory in use before: 85.6 MB.
System memory in use after: 85.6 MB.

Unloading 12 unused Assets to reduce memory usage. Loaded Objects now: 2281.
Total: 2.623200 ms (FindLiveObjects: 0.241400 ms CreateObjectMapping: 0.066700 ms MarkObjects: 2.211600 ms  DeleteObjects: 0.101500 ms)

========================================================================
Received Import Request.
  Time since last request: 254.364008 seconds.
  path: Assets/BallMovement.cs
  artifactKey: Guid(b6d5ff140f5b05b458dc3a177d2f06cc) Importer(815301076,1909f56bfc062723c751e8b465ee728b)
Start importing Assets/BallMovement.cs using Guid(b6d5ff140f5b05b458dc3a177d2f06cc) Importer(815301076,1909f56bfc062723c751e8b465ee728b)  -> (artifact id: '7ea7896be304fc3df371228c2c50d7b9') in 0.044504 seconds
  Import took 0.047476 seconds .

========================================================================
Received Prepare
Registering precompiled user dll's ...
Registered in 0.000858 seconds.
Begin MonoManager ReloadAssembly
Native extension for WindowsStandalone target not found
Refreshing native plugins compatible for Editor in 0.43 ms, found 1 plugins.
Preloading 0 native plugins for Editor in 0.00 ms.
Invoked RoslynAnalysisRunner static constructor.
RoslynAnalysisRunner will not be running.
RoslynAnalysisRunner has terminated.
Mono: successfully reloaded assembly
- Completed reload, in  0.853 seconds
Platform modules already initialized, skipping
Refreshing native plugins compatible for Editor in 0.51 ms, found 1 plugins.
Preloading 0 native plugins for Editor in 0.00 ms.
Unloading 1820 Unused Serialized files (Serialized files now loaded: 0)
System memory in use before: 85.8 MB.
System memory in use after: 85.8 MB.

Unloading 12 unused Assets to reduce memory usage. Loaded Objects now: 2284.
Total: 2.806700 ms (FindLiveObjects: 0.268100 ms CreateObjectMapping: 0.039000 ms MarkObjects: 2.336300 ms  DeleteObjects: 0.161500 ms)

========================================================================
Received Import Request.
  Time since last request: 21.630130 seconds.
  path: Assets/Scripts/MetronomScripts
  artifactKey: Guid(caa8da8429b9c0644ba50caec49343ab) Importer(815301076,1909f56bfc062723c751e8b465ee728b)
Start importing Assets/Scripts/MetronomScripts using Guid(caa8da8429b9c0644ba50caec49343ab) Importer(815301076,1909f56bfc062723c751e8b465ee728b)  -> (artifact id: '8d850daffa28c6efd7356cdc4a1c332d') in 0.012976 seconds
  Import took 0.016214 seconds .

========================================================================
Received Prepare
Registering precompiled user dll's ...
Registered in 0.000836 seconds.
Begin MonoManager ReloadAssembly
Native extension for WindowsStandalone target not found
Refreshing native plugins compatible for Editor in 0.36 ms, found 1 plugins.
Preloading 0 native plugins for Editor in 0.00 ms.
Invoked RoslynAnalysisRunner static constructor.
RoslynAnalysisRunner will not be running.
RoslynAnalysisRunner has terminated.
Mono: successfully reloaded assembly
- Completed reload, in  0.708 seconds
Platform modules already initialized, skipping
Refreshing native plugins compatible for Editor in 0.36 ms, found 1 plugins.
Preloading 0 native plugins for Editor in 0.00 ms.
Unloading 1820 Unused Serialized files (Serialized files now loaded: 0)
System memory in use before: 86.0 MB.
System memory in use after: 86.0 MB.

Unloading 12 unused Assets to reduce memory usage. Loaded Objects now: 2287.
Total: 2.971000 ms (FindLiveObjects: 0.386300 ms CreateObjectMapping: 0.112900 ms MarkObjects: 2.365800 ms  DeleteObjects: 0.104600 ms)

========================================================================
Received Prepare
Registering precompiled user dll's ...
Registered in 0.000821 seconds.
Begin MonoManager ReloadAssembly
Native extension for WindowsStandalone target not found
Refreshing native plugins compatible for Editor in 0.37 ms, found 1 plugins.
Preloading 0 native plugins for Editor in 0.00 ms.
Invoked RoslynAnalysisRunner static constructor.
RoslynAnalysisRunner will not be running.
RoslynAnalysisRunner has terminated.
Mono: successfully reloaded assembly
- Completed reload, in  0.719 seconds
Platform modules already initialized, skipping
Refreshing native plugins compatible for Editor in 0.38 ms, found 1 plugins.
Preloading 0 native plugins for Editor in 0.00 ms.
Unloading 1820 Unused Serialized files (Serialized files now loaded: 0)
System memory in use before: 86.1 MB.
System memory in use after: 86.1 MB.

Unloading 12 unused Assets to reduce memory usage. Loaded Objects now: 2290.
Total: 2.253800 ms (FindLiveObjects: 0.197100 ms CreateObjectMapping: 0.039800 ms MarkObjects: 1.875700 ms  DeleteObjects: 0.139900 ms)

========================================================================
Received Import Request.
  Time since last request: 49.476689 seconds.
  path: Assets/Scripts/MetronomScripts/BallMovement.cs
  artifactKey: Guid(b6d5ff140f5b05b458dc3a177d2f06cc) Importer(815301076,1909f56bfc062723c751e8b465ee728b)
Start importing Assets/Scripts/MetronomScripts/BallMovement.cs using Guid(b6d5ff140f5b05b458dc3a177d2f06cc) Importer(815301076,1909f56bfc062723c751e8b465ee728b)  -> (artifact id: 'f3e5c830b6efcce8c2e3b33d489c2320') in 0.005366 seconds
  Import took 0.008937 seconds .

========================================================================
Received Prepare
Registering precompiled user dll's ...
Registered in 0.001076 seconds.
Begin MonoManager ReloadAssembly
Native extension for WindowsStandalone target not found
Refreshing native plugins compatible for Editor in 0.36 ms, found 1 plugins.
Preloading 0 native plugins for Editor in 0.00 ms.
Invoked RoslynAnalysisRunner static constructor.
RoslynAnalysisRunner will not be running.
RoslynAnalysisRunner has terminated.
Mono: successfully reloaded assembly
- Completed reload, in  0.705 seconds
Platform modules already initialized, skipping
Refreshing native plugins compatible for Editor in 0.35 ms, found 1 plugins.
Preloading 0 native plugins for Editor in 0.00 ms.
Unloading 1820 Unused Serialized files (Serialized files now loaded: 0)
System memory in use before: 86.3 MB.
System memory in use after: 86.3 MB.

Unloading 12 unused Assets to reduce memory usage. Loaded Objects now: 2293.
Total: 2.556600 ms (FindLiveObjects: 0.369100 ms CreateObjectMapping: 0.049100 ms MarkObjects: 2.030500 ms  DeleteObjects: 0.104800 ms)

========================================================================
Received Prepare
Registering precompiled user dll's ...
Registered in 0.000837 seconds.
Begin MonoManager ReloadAssembly
Native extension for WindowsStandalone target not found
Refreshing native plugins compatible for Editor in 0.38 ms, found 1 plugins.
Preloading 0 native plugins for Editor in 0.00 ms.
Invoked RoslynAnalysisRunner static constructor.
RoslynAnalysisRunner will not be running.
RoslynAnalysisRunner has terminated.
Mono: successfully reloaded assembly
- Completed reload, in  0.743 seconds
Platform modules already initialized, skipping
Refreshing native plugins compatible for Editor in 0.39 ms, found 1 plugins.
Preloading 0 native plugins for Editor in 0.00 ms.
Unloading 1820 Unused Serialized files (Serialized files now loaded: 0)
System memory in use before: 86.4 MB.
System memory in use after: 86.4 MB.

Unloading 12 unused Assets to reduce memory usage. Loaded Objects now: 2296.
Total: 2.637300 ms (FindLiveObjects: 0.535000 ms CreateObjectMapping: 0.082600 ms MarkObjects: 1.915100 ms  DeleteObjects: 0.103200 ms)

========================================================================
Received Import Request.
  Time since last request: 73138.660386 seconds.
  path: Assets/Scripts/MainMenuScripts
  artifactKey: Guid(2cba6bfda374eef49bac49b97d1925fd) Importer(815301076,1909f56bfc062723c751e8b465ee728b)
Start importing Assets/Scripts/MainMenuScripts using Guid(2cba6bfda374eef49bac49b97d1925fd) Importer(815301076,1909f56bfc062723c751e8b465ee728b)  -> (artifact id: 'd4fd4b88a5813b19ca6796aab295398a') in 0.025654 seconds
  Import took 0.032146 seconds .

